[debug] [2025-07-26T03:51:51.272Z] ----------------------------------------------------------------------
[debug] [2025-07-26T03:51:51.274Z] Command:       /usr/local/bin/node /Users/tilmanresch/.npm-global/bin/firebase deploy --only hosting
[debug] [2025-07-26T03:51:51.274Z] CLI Version:   14.11.1
[debug] [2025-07-26T03:51:51.274Z] Platform:      darwin
[debug] [2025-07-26T03:51:51.274Z] Node Version:  v22.17.0
[debug] [2025-07-26T03:51:51.274Z] Time:          Sat Jul 26 2025 05:51:51 GMT+0200 (Mitteleuropäische Sommerzeit)
[debug] [2025-07-26T03:51:51.274Z] ----------------------------------------------------------------------
[debug] 
[debug] [2025-07-26T03:51:51.398Z] > command requires scopes: ["email","openid","https://www.googleapis.com/auth/cloudplatformprojects.readonly","https://www.googleapis.com/auth/firebase","https://www.googleapis.com/auth/cloud-platform"]
[debug] [2025-07-26T03:51:51.398Z] > authorizing via signed-in user (storygrow3000@gmail.com)
[debug] [2025-07-26T03:51:51.398Z] [iam] checking project storygrow-2 for permissions ["firebase.projects.get","firebasehosting.sites.update"]
[debug] [2025-07-26T03:51:51.399Z] Checked if tokens are valid: true, expires at: 1753504406921
[debug] [2025-07-26T03:51:51.399Z] Checked if tokens are valid: true, expires at: 1753504406921
[debug] [2025-07-26T03:51:51.399Z] >>> [apiv2][query] POST https://cloudresourcemanager.googleapis.com/v1/projects/storygrow-2:testIamPermissions [none]
[debug] [2025-07-26T03:51:51.399Z] >>> [apiv2][(partial)header] POST https://cloudresourcemanager.googleapis.com/v1/projects/storygrow-2:testIamPermissions x-goog-quota-user=projects/storygrow-2
[debug] [2025-07-26T03:51:51.399Z] >>> [apiv2][body] POST https://cloudresourcemanager.googleapis.com/v1/projects/storygrow-2:testIamPermissions {"permissions":["firebase.projects.get","firebasehosting.sites.update"]}
[debug] [2025-07-26T03:51:52.172Z] <<< [apiv2][status] POST https://cloudresourcemanager.googleapis.com/v1/projects/storygrow-2:testIamPermissions 200
[debug] [2025-07-26T03:51:52.172Z] <<< [apiv2][body] POST https://cloudresourcemanager.googleapis.com/v1/projects/storygrow-2:testIamPermissions {"permissions":["firebase.projects.get","firebasehosting.sites.update"]}
[debug] [2025-07-26T03:51:52.172Z] Checked if tokens are valid: true, expires at: 1753504406921
[debug] [2025-07-26T03:51:52.172Z] Checked if tokens are valid: true, expires at: 1753504406921
[debug] [2025-07-26T03:51:52.172Z] >>> [apiv2][query] GET https://firebase.googleapis.com/v1beta1/projects/storygrow-2 [none]
[debug] [2025-07-26T03:51:52.729Z] <<< [apiv2][status] GET https://firebase.googleapis.com/v1beta1/projects/storygrow-2 404
[debug] [2025-07-26T03:51:52.729Z] <<< [apiv2][body] GET https://firebase.googleapis.com/v1beta1/projects/storygrow-2 {"error":{"code":404,"message":"Requested entity was not found.","status":"NOT_FOUND"}}
[debug] [2025-07-26T03:51:52.729Z] Couldn't get project info from firedata for storygrow-2, trying resource manager. Original error: FirebaseError: Request to https://firebase.googleapis.com/v1beta1/projects/storygrow-2 had HTTP Error: 404, Requested entity was not found.
[debug] [2025-07-26T03:51:52.729Z] Checked if tokens are valid: true, expires at: 1753504406921
[debug] [2025-07-26T03:51:52.729Z] Checked if tokens are valid: true, expires at: 1753504406921
[debug] [2025-07-26T03:51:52.729Z] >>> [apiv2][query] GET https://serviceusage.googleapis.com/v1/projects/storygrow-2/services/cloudresourcemanager.googleapis.com [none]
[debug] [2025-07-26T03:51:52.729Z] >>> [apiv2][(partial)header] GET https://serviceusage.googleapis.com/v1/projects/storygrow-2/services/cloudresourcemanager.googleapis.com x-goog-quota-user=projects/storygrow-2
[debug] [2025-07-26T03:51:53.724Z] <<< [apiv2][status] GET https://serviceusage.googleapis.com/v1/projects/storygrow-2/services/cloudresourcemanager.googleapis.com 200
[debug] [2025-07-26T03:51:53.725Z] <<< [apiv2][body] GET https://serviceusage.googleapis.com/v1/projects/storygrow-2/services/cloudresourcemanager.googleapis.com [omitted]
[debug] [2025-07-26T03:51:53.726Z] Checked if tokens are valid: true, expires at: 1753504406921
[debug] [2025-07-26T03:51:53.726Z] Checked if tokens are valid: true, expires at: 1753504406921
[debug] [2025-07-26T03:51:53.726Z] >>> [apiv2][query] POST https://serviceusage.googleapis.com/v1/projects/storygrow-2/services/cloudresourcemanager.googleapis.com:enable [none]
[debug] [2025-07-26T03:51:53.726Z] >>> [apiv2][(partial)header] POST https://serviceusage.googleapis.com/v1/projects/storygrow-2/services/cloudresourcemanager.googleapis.com:enable x-goog-quota-user=projects/storygrow-2
[debug] [2025-07-26T03:51:54.552Z] <<< [apiv2][status] POST https://serviceusage.googleapis.com/v1/projects/storygrow-2/services/cloudresourcemanager.googleapis.com:enable 200
[debug] [2025-07-26T03:51:54.552Z] <<< [apiv2][body] POST https://serviceusage.googleapis.com/v1/projects/storygrow-2/services/cloudresourcemanager.googleapis.com:enable [omitted]
[debug] [2025-07-26T03:52:04.572Z] Checked if tokens are valid: true, expires at: 1753504406921
[debug] [2025-07-26T03:52:04.573Z] Checked if tokens are valid: true, expires at: 1753504406921
[debug] [2025-07-26T03:52:04.573Z] >>> [apiv2][query] GET https://cloudresourcemanager.googleapis.com/v1/projects/storygrow-2 [none]
[debug] [2025-07-26T03:52:05.330Z] <<< [apiv2][status] GET https://cloudresourcemanager.googleapis.com/v1/projects/storygrow-2 200
[debug] [2025-07-26T03:52:05.330Z] <<< [apiv2][body] GET https://cloudresourcemanager.googleapis.com/v1/projects/storygrow-2 {"projectNumber":"433353767151","projectId":"storygrow-2","lifecycleState":"ACTIVE","name":"StoryGrow-2","labels":{"generative-language":"enabled"},"createTime":"2025-07-25T23:51:07.082810Z"}
[debug] [2025-07-26T03:52:05.330Z] the default site does not exist on the Firebase project; asking Hosting.
[debug] [2025-07-26T03:52:05.331Z] Checked if tokens are valid: true, expires at: 1753504406921
[debug] [2025-07-26T03:52:05.331Z] Checked if tokens are valid: true, expires at: 1753504406921
[debug] [2025-07-26T03:52:05.331Z] >>> [apiv2][query] GET https://firebasehosting.googleapis.com/v1beta1/projects/storygrow-2/sites pageToken=&pageSize=10
[debug] [2025-07-26T03:52:06.411Z] <<< [apiv2][status] GET https://firebasehosting.googleapis.com/v1beta1/projects/storygrow-2/sites 404
[debug] [2025-07-26T03:52:06.411Z] <<< [apiv2][body] GET https://firebasehosting.googleapis.com/v1beta1/projects/storygrow-2/sites {"error":{"code":404,"message":"Requested entity was not found.","status":"NOT_FOUND"}}
[error] 
[error] Error: Assertion failed: resolving hosting target of a site with no site name or target name. This should have caused an error earlier
[debug] [2025-07-26T03:54:19.862Z] ----------------------------------------------------------------------
[debug] [2025-07-26T03:54:19.865Z] Command:       /usr/local/bin/node /Users/tilmanresch/.npm-global/bin/firebase deploy --only hosting:storygrow-2
[debug] [2025-07-26T03:54:19.865Z] CLI Version:   14.11.1
[debug] [2025-07-26T03:54:19.865Z] Platform:      darwin
[debug] [2025-07-26T03:54:19.865Z] Node Version:  v22.17.0
[debug] [2025-07-26T03:54:19.865Z] Time:          Sat Jul 26 2025 05:54:19 GMT+0200 (Mitteleuropäische Sommerzeit)
[debug] [2025-07-26T03:54:19.865Z] ----------------------------------------------------------------------
[debug] 
[debug] [2025-07-26T03:54:19.976Z] > command requires scopes: ["email","openid","https://www.googleapis.com/auth/cloudplatformprojects.readonly","https://www.googleapis.com/auth/firebase","https://www.googleapis.com/auth/cloud-platform"]
[debug] [2025-07-26T03:54:19.976Z] > authorizing via signed-in user (storygrow3000@gmail.com)
[debug] [2025-07-26T03:54:19.976Z] [iam] checking project storygrow-2 for permissions ["firebase.projects.get","firebasehosting.sites.update"]
[debug] [2025-07-26T03:54:19.977Z] Checked if tokens are valid: true, expires at: 1753504406921
[debug] [2025-07-26T03:54:19.977Z] Checked if tokens are valid: true, expires at: 1753504406921
[debug] [2025-07-26T03:54:19.977Z] >>> [apiv2][query] POST https://cloudresourcemanager.googleapis.com/v1/projects/storygrow-2:testIamPermissions [none]
[debug] [2025-07-26T03:54:19.977Z] >>> [apiv2][(partial)header] POST https://cloudresourcemanager.googleapis.com/v1/projects/storygrow-2:testIamPermissions x-goog-quota-user=projects/storygrow-2
[debug] [2025-07-26T03:54:19.977Z] >>> [apiv2][body] POST https://cloudresourcemanager.googleapis.com/v1/projects/storygrow-2:testIamPermissions {"permissions":["firebase.projects.get","firebasehosting.sites.update"]}
[debug] [2025-07-26T03:54:20.221Z] <<< [apiv2][status] POST https://cloudresourcemanager.googleapis.com/v1/projects/storygrow-2:testIamPermissions 200
[debug] [2025-07-26T03:54:20.221Z] <<< [apiv2][body] POST https://cloudresourcemanager.googleapis.com/v1/projects/storygrow-2:testIamPermissions {"permissions":["firebase.projects.get","firebasehosting.sites.update"]}
[debug] [2025-07-26T03:54:20.222Z] Checked if tokens are valid: true, expires at: 1753504406921
[debug] [2025-07-26T03:54:20.222Z] Checked if tokens are valid: true, expires at: 1753504406921
[debug] [2025-07-26T03:54:20.222Z] >>> [apiv2][query] GET https://firebase.googleapis.com/v1beta1/projects/storygrow-2 [none]
[debug] [2025-07-26T03:54:20.830Z] <<< [apiv2][status] GET https://firebase.googleapis.com/v1beta1/projects/storygrow-2 404
[debug] [2025-07-26T03:54:20.831Z] <<< [apiv2][body] GET https://firebase.googleapis.com/v1beta1/projects/storygrow-2 {"error":{"code":404,"message":"Requested entity was not found.","status":"NOT_FOUND"}}
[debug] [2025-07-26T03:54:20.832Z] Couldn't get project info from firedata for storygrow-2, trying resource manager. Original error: FirebaseError: Request to https://firebase.googleapis.com/v1beta1/projects/storygrow-2 had HTTP Error: 404, Requested entity was not found.
[debug] [2025-07-26T03:54:20.833Z] Checked if tokens are valid: true, expires at: 1753504406921
[debug] [2025-07-26T03:54:20.833Z] Checked if tokens are valid: true, expires at: 1753504406921
[debug] [2025-07-26T03:54:20.834Z] >>> [apiv2][query] GET https://cloudresourcemanager.googleapis.com/v1/projects/storygrow-2 [none]
[debug] [2025-07-26T03:54:21.034Z] <<< [apiv2][status] GET https://cloudresourcemanager.googleapis.com/v1/projects/storygrow-2 200
[debug] [2025-07-26T03:54:21.034Z] <<< [apiv2][body] GET https://cloudresourcemanager.googleapis.com/v1/projects/storygrow-2 {"projectNumber":"433353767151","projectId":"storygrow-2","lifecycleState":"ACTIVE","name":"StoryGrow-2","labels":{"generative-language":"enabled"},"createTime":"2025-07-25T23:51:07.082810Z"}
[debug] [2025-07-26T03:54:21.034Z] the default site does not exist on the Firebase project; asking Hosting.
[debug] [2025-07-26T03:54:21.035Z] Checked if tokens are valid: true, expires at: 1753504406921
[debug] [2025-07-26T03:54:21.035Z] Checked if tokens are valid: true, expires at: 1753504406921
[debug] [2025-07-26T03:54:21.035Z] >>> [apiv2][query] GET https://firebasehosting.googleapis.com/v1beta1/projects/storygrow-2/sites pageToken=&pageSize=10
[debug] [2025-07-26T03:54:22.107Z] <<< [apiv2][status] GET https://firebasehosting.googleapis.com/v1beta1/projects/storygrow-2/sites 200
[debug] [2025-07-26T03:54:22.107Z] <<< [apiv2][body] GET https://firebasehosting.googleapis.com/v1beta1/projects/storygrow-2/sites {}
[info] i  No Hosting site detected. 
[debug] [2025-07-26T03:54:22.108Z] Checked if tokens are valid: true, expires at: 1753504406921
[debug] [2025-07-26T03:54:22.109Z] Checked if tokens are valid: true, expires at: 1753504406921
[debug] [2025-07-26T03:54:22.109Z] >>> [apiv2][query] GET https://cloudresourcemanager.googleapis.com/v1/projects/storygrow-2 [none]
[debug] [2025-07-26T03:54:22.311Z] <<< [apiv2][status] GET https://cloudresourcemanager.googleapis.com/v1/projects/storygrow-2 200
[debug] [2025-07-26T03:54:22.312Z] <<< [apiv2][body] GET https://cloudresourcemanager.googleapis.com/v1/projects/storygrow-2 {"projectNumber":"433353767151","projectId":"storygrow-2","lifecycleState":"ACTIVE","name":"StoryGrow-2","labels":{"generative-language":"enabled"},"createTime":"2025-07-25T23:51:07.082810Z"}
[debug] [2025-07-26T03:54:22.312Z] Checked if tokens are valid: true, expires at: 1753504406921
[debug] [2025-07-26T03:54:22.313Z] Checked if tokens are valid: true, expires at: 1753504406921
[debug] [2025-07-26T03:54:22.313Z] >>> [apiv2][query] POST https://firebasehosting.googleapis.com/v1beta1/projects/433353767151/sites siteId=storygrow-2&validateOnly=true
[debug] [2025-07-26T03:54:22.313Z] >>> [apiv2][body] POST https://firebasehosting.googleapis.com/v1beta1/projects/433353767151/sites {"appId":""}
[debug] [2025-07-26T03:54:23.050Z] <<< [apiv2][status] POST https://firebasehosting.googleapis.com/v1beta1/projects/433353767151/sites 200
[debug] [2025-07-26T03:54:23.051Z] <<< [apiv2][body] POST https://firebasehosting.googleapis.com/v1beta1/projects/433353767151/sites {"name":"projects/433353767151/sites/storygrow-2","defaultUrl":"https://storygrow-2.web.app","type":"DEFAULT_SITE"}
[debug] [2025-07-26T03:54:40.346Z] Checked if tokens are valid: true, expires at: 1753504406921
[debug] [2025-07-26T03:54:40.346Z] Checked if tokens are valid: true, expires at: 1753504406921
[debug] [2025-07-26T03:54:40.347Z] >>> [apiv2][query] POST https://firebasehosting.googleapis.com/v1beta1/projects/433353767151/sites siteId=+cd+..%2F..
[debug] [2025-07-26T03:54:40.347Z] >>> [apiv2][body] POST https://firebasehosting.googleapis.com/v1beta1/projects/433353767151/sites {"appId":""}
[debug] [2025-07-26T03:54:41.351Z] <<< [apiv2][status] POST https://firebasehosting.googleapis.com/v1beta1/projects/433353767151/sites 400
[debug] [2025-07-26T03:54:41.351Z] <<< [apiv2][body] POST https://firebasehosting.googleapis.com/v1beta1/projects/433353767151/sites {"error":{"code":400,"message":"Site name `projects/433353767151/sites` is invalid, must be of form `projects/*/sites/*` or `sites/*`.","status":"INVALID_ARGUMENT"}}
[warn] ⚠  Request to https://firebasehosting.googleapis.com/v1beta1/projects/433353767151/sites?siteId=+cd+..%2F.. had HTTP Error: 400, Site name `projects/433353767151/sites` is invalid, must be of form `projects/*/sites/*` or `sites/*`. 
[debug] [2025-07-26T03:54:46.353Z] Checked if tokens are valid: true, expires at: 1753504406921
[debug] [2025-07-26T03:54:46.354Z] Checked if tokens are valid: true, expires at: 1753504406921
[debug] [2025-07-26T03:54:46.354Z] >>> [apiv2][query] POST https://firebasehosting.googleapis.com/v1beta1/projects/433353767151/sites siteId=+cd+..%2F..
[debug] [2025-07-26T03:54:46.354Z] >>> [apiv2][body] POST https://firebasehosting.googleapis.com/v1beta1/projects/433353767151/sites {"appId":""}
[debug] [2025-07-26T03:54:47.242Z] <<< [apiv2][status] POST https://firebasehosting.googleapis.com/v1beta1/projects/433353767151/sites 400
[debug] [2025-07-26T03:54:47.242Z] <<< [apiv2][body] POST https://firebasehosting.googleapis.com/v1beta1/projects/433353767151/sites {"error":{"code":400,"message":"Site name `projects/433353767151/sites` is invalid, must be of form `projects/*/sites/*` or `sites/*`.","status":"INVALID_ARGUMENT"}}
[warn] ⚠  Request to https://firebasehosting.googleapis.com/v1beta1/projects/433353767151/sites?siteId=+cd+..%2F.. had HTTP Error: 400, Site name `projects/433353767151/sites` is invalid, must be of form `projects/*/sites/*` or `sites/*`. 
[debug] [2025-07-26T03:54:57.696Z] Checked if tokens are valid: true, expires at: 1753504406921
[debug] [2025-07-26T03:54:57.697Z] Checked if tokens are valid: true, expires at: 1753504406921
[debug] [2025-07-26T03:54:57.698Z] >>> [apiv2][query] POST https://firebasehosting.googleapis.com/v1beta1/projects/433353767151/sites siteId=d
[debug] [2025-07-26T03:54:57.698Z] >>> [apiv2][body] POST https://firebasehosting.googleapis.com/v1beta1/projects/433353767151/sites {"appId":""}
[debug] [2025-07-26T03:54:58.656Z] <<< [apiv2][status] POST https://firebasehosting.googleapis.com/v1beta1/projects/433353767151/sites 400
[debug] [2025-07-26T03:54:58.656Z] <<< [apiv2][body] POST https://firebasehosting.googleapis.com/v1beta1/projects/433353767151/sites {"error":{"code":400,"message":"Invalid name: `d` is reserved by another project; try something like `d-c877e` instead","status":"FAILED_PRECONDITION"}}
[warn] ⚠  Invalid name: `d` is reserved by another project; try something like `d-c877e` instead 
[debug] [2025-07-26T03:56:36.200Z] ----------------------------------------------------------------------
[debug] [2025-07-26T03:56:36.205Z] Command:       /usr/local/bin/node /Users/tilmanresch/.npm-global/bin/firebase deploy --only hosting:storygrow-2
[debug] [2025-07-26T03:56:36.206Z] CLI Version:   14.11.1
[debug] [2025-07-26T03:56:36.206Z] Platform:      darwin
[debug] [2025-07-26T03:56:36.206Z] Node Version:  v22.17.0
[debug] [2025-07-26T03:56:36.206Z] Time:          Sat Jul 26 2025 05:56:36 GMT+0200 (Mitteleuropäische Sommerzeit)
[debug] [2025-07-26T03:56:36.207Z] ----------------------------------------------------------------------
[debug] 
[debug] [2025-07-26T03:56:36.449Z] > command requires scopes: ["email","openid","https://www.googleapis.com/auth/cloudplatformprojects.readonly","https://www.googleapis.com/auth/firebase","https://www.googleapis.com/auth/cloud-platform"]
[debug] [2025-07-26T03:56:36.449Z] > authorizing via signed-in user (storygrow3000@gmail.com)
[debug] [2025-07-26T03:56:36.449Z] [iam] checking project storygrow-2 for permissions ["firebase.projects.get","firebasehosting.sites.update"]
[debug] [2025-07-26T03:56:36.450Z] Checked if tokens are valid: true, expires at: 1753504406921
[debug] [2025-07-26T03:56:36.450Z] Checked if tokens are valid: true, expires at: 1753504406921
[debug] [2025-07-26T03:56:36.450Z] >>> [apiv2][query] POST https://cloudresourcemanager.googleapis.com/v1/projects/storygrow-2:testIamPermissions [none]
[debug] [2025-07-26T03:56:36.450Z] >>> [apiv2][(partial)header] POST https://cloudresourcemanager.googleapis.com/v1/projects/storygrow-2:testIamPermissions x-goog-quota-user=projects/storygrow-2
[debug] [2025-07-26T03:56:36.451Z] >>> [apiv2][body] POST https://cloudresourcemanager.googleapis.com/v1/projects/storygrow-2:testIamPermissions {"permissions":["firebase.projects.get","firebasehosting.sites.update"]}
[debug] [2025-07-26T03:56:36.801Z] <<< [apiv2][status] POST https://cloudresourcemanager.googleapis.com/v1/projects/storygrow-2:testIamPermissions 200
[debug] [2025-07-26T03:56:36.801Z] <<< [apiv2][body] POST https://cloudresourcemanager.googleapis.com/v1/projects/storygrow-2:testIamPermissions {"permissions":["firebase.projects.get","firebasehosting.sites.update"]}
[debug] [2025-07-26T03:56:36.802Z] Checked if tokens are valid: true, expires at: 1753504406921
[debug] [2025-07-26T03:56:36.802Z] Checked if tokens are valid: true, expires at: 1753504406921
[debug] [2025-07-26T03:56:36.802Z] >>> [apiv2][query] GET https://firebase.googleapis.com/v1beta1/projects/storygrow-2 [none]
[debug] [2025-07-26T03:56:37.323Z] <<< [apiv2][status] GET https://firebase.googleapis.com/v1beta1/projects/storygrow-2 404
[debug] [2025-07-26T03:56:37.323Z] <<< [apiv2][body] GET https://firebase.googleapis.com/v1beta1/projects/storygrow-2 {"error":{"code":404,"message":"Requested entity was not found.","status":"NOT_FOUND"}}
[debug] [2025-07-26T03:56:37.324Z] Couldn't get project info from firedata for storygrow-2, trying resource manager. Original error: FirebaseError: Request to https://firebase.googleapis.com/v1beta1/projects/storygrow-2 had HTTP Error: 404, Requested entity was not found.
[debug] [2025-07-26T03:56:37.325Z] Checked if tokens are valid: true, expires at: 1753504406921
[debug] [2025-07-26T03:56:37.325Z] Checked if tokens are valid: true, expires at: 1753504406921
[debug] [2025-07-26T03:56:37.325Z] >>> [apiv2][query] GET https://cloudresourcemanager.googleapis.com/v1/projects/storygrow-2 [none]
[debug] [2025-07-26T03:56:37.513Z] <<< [apiv2][status] GET https://cloudresourcemanager.googleapis.com/v1/projects/storygrow-2 200
[debug] [2025-07-26T03:56:37.514Z] <<< [apiv2][body] GET https://cloudresourcemanager.googleapis.com/v1/projects/storygrow-2 {"projectNumber":"433353767151","projectId":"storygrow-2","lifecycleState":"ACTIVE","name":"StoryGrow-2","labels":{"generative-language":"enabled"},"createTime":"2025-07-25T23:51:07.082810Z"}
[debug] [2025-07-26T03:56:37.514Z] the default site does not exist on the Firebase project; asking Hosting.
[debug] [2025-07-26T03:56:37.514Z] Checked if tokens are valid: true, expires at: 1753504406921
[debug] [2025-07-26T03:56:37.514Z] Checked if tokens are valid: true, expires at: 1753504406921
[debug] [2025-07-26T03:56:37.515Z] >>> [apiv2][query] GET https://firebasehosting.googleapis.com/v1beta1/projects/storygrow-2/sites pageToken=&pageSize=10
[debug] [2025-07-26T03:56:38.558Z] <<< [apiv2][status] GET https://firebasehosting.googleapis.com/v1beta1/projects/storygrow-2/sites 200
[debug] [2025-07-26T03:56:38.559Z] <<< [apiv2][body] GET https://firebasehosting.googleapis.com/v1beta1/projects/storygrow-2/sites {}
[info] i  No Hosting site detected. 
[debug] [2025-07-26T03:56:38.563Z] Checked if tokens are valid: true, expires at: 1753504406921
[debug] [2025-07-26T03:56:38.563Z] Checked if tokens are valid: true, expires at: 1753504406921
[debug] [2025-07-26T03:56:38.564Z] >>> [apiv2][query] GET https://cloudresourcemanager.googleapis.com/v1/projects/storygrow-2 [none]
[debug] [2025-07-26T03:56:38.763Z] <<< [apiv2][status] GET https://cloudresourcemanager.googleapis.com/v1/projects/storygrow-2 200
[debug] [2025-07-26T03:56:38.763Z] <<< [apiv2][body] GET https://cloudresourcemanager.googleapis.com/v1/projects/storygrow-2 {"projectNumber":"433353767151","projectId":"storygrow-2","lifecycleState":"ACTIVE","name":"StoryGrow-2","labels":{"generative-language":"enabled"},"createTime":"2025-07-25T23:51:07.082810Z"}
[debug] [2025-07-26T03:56:38.768Z] Checked if tokens are valid: true, expires at: 1753504406921
[debug] [2025-07-26T03:56:38.768Z] Checked if tokens are valid: true, expires at: 1753504406921
[debug] [2025-07-26T03:56:38.768Z] >>> [apiv2][query] POST https://firebasehosting.googleapis.com/v1beta1/projects/433353767151/sites siteId=storygrow-2&validateOnly=true
[debug] [2025-07-26T03:56:38.768Z] >>> [apiv2][body] POST https://firebasehosting.googleapis.com/v1beta1/projects/433353767151/sites {"appId":""}
[debug] [2025-07-26T03:56:39.396Z] <<< [apiv2][status] POST https://firebasehosting.googleapis.com/v1beta1/projects/433353767151/sites 200
[debug] [2025-07-26T03:56:39.397Z] <<< [apiv2][body] POST https://firebasehosting.googleapis.com/v1beta1/projects/433353767151/sites {"name":"projects/433353767151/sites/storygrow-2","defaultUrl":"https://storygrow-2.web.app","type":"DEFAULT_SITE"}
[debug] [2025-07-26T03:57:08.539Z] Checked if tokens are valid: true, expires at: 1753504406921
[debug] [2025-07-26T03:57:08.539Z] Checked if tokens are valid: true, expires at: 1753504406921
[debug] [2025-07-26T03:57:08.539Z] >>> [apiv2][query] POST https://firebasehosting.googleapis.com/v1beta1/projects/433353767151/sites siteId=storygrow-2
[debug] [2025-07-26T03:57:08.539Z] >>> [apiv2][body] POST https://firebasehosting.googleapis.com/v1beta1/projects/433353767151/sites {"appId":""}
[debug] [2025-07-26T03:57:09.848Z] <<< [apiv2][status] POST https://firebasehosting.googleapis.com/v1beta1/projects/433353767151/sites 404
[debug] [2025-07-26T03:57:09.848Z] <<< [apiv2][body] POST https://firebasehosting.googleapis.com/v1beta1/projects/433353767151/sites {"error":{"code":404,"message":"Requested entity was not found.","status":"NOT_FOUND"}}
[warn] ⚠  Request to https://firebasehosting.googleapis.com/v1beta1/projects/433353767151/sites?siteId=storygrow-2 had HTTP Error: 404, Requested entity was not found. 
